<?xml version="1.0" encoding="UTF-8"?>
<!-- Generated by org.testng.reporters.JUnitReportReporter -->
<testsuite hostname="DESKTOP-30D7VOM" failures="0" tests="1" name="com.gitPractice.gitPractice1" time="0.273" errors="0" timestamp="2022-06-01T12:13:33 IST" skipped="0">
  <testcase classname="com.gitPractice.gitPractice1" name="gitBash" time="0.273"/>
  <system-out>
    <![CDATA[Hello Git]]>
  </system-out>
</testsuite> <!-- com.gitPractice.gitPractice1 -->
